2024-08-27 19:24:52,271 - INFO - Insert - Process Time: 0.0ms
2024-08-27 19:24:52,271 - DEBUG - 2
2024-08-27 19:24:52,272 - INFO - GenerateId - Process Time: 0.0ms
2024-08-27 19:24:52,272 - INFO - GenerateId - Process Time: 0.0ms
2024-08-27 19:24:52,272 - INFO - GenerateId - Process Time: 0.0ms
2024-08-27 19:24:52,272 - INFO - GenerateId - Process Time: 0.0ms
2024-08-27 19:24:52,272 - INFO - GenerateId - Process Time: 0.0ms
2024-08-27 19:24:52,272 - INFO - GenerateId - Process Time: 0.0ms
2024-08-27 19:24:52,272 - INFO - GenerateId - Process Time: 0.0ms
2024-08-27 19:24:52,272 - INFO - GenerateId - Process Time: 0.0ms
2024-08-27 19:24:52,272 - INFO - GenerateId - Process Time: 0.0ms
2024-08-27 19:24:52,272 - INFO - GenerateId - Process Time: 0.0ms
2024-08-27 19:24:52,272 - INFO - GenerateId - Total Process Time: 0.0ms
2024-08-27 19:24:52,272 - INFO - Insert - Process Time: 0.0ms
2024-08-27 19:24:52,272 - INFO - CreateIds - Process Time: 0.0ms
2024-08-27 19:24:52,273 - INFO - GenerateId - Process Time: 0.0ms
2024-08-27 19:24:52,273 - INFO - GenerateId - Process Time: 0.0ms
2024-08-27 19:24:52,273 - INFO - GenerateId - Process Time: 0.0ms
2024-08-27 19:24:52,273 - INFO - GenerateId - Process Time: 0.0ms
2024-08-27 19:24:52,273 - INFO - GenerateId - Process Time: 0.0ms
2024-08-27 19:24:52,273 - INFO - GenerateId - Process Time: 0.0ms
2024-08-27 19:24:52,273 - INFO - GenerateId - Process Time: 0.0ms
2024-08-27 19:24:52,273 - INFO - GenerateId - Process Time: 0.0ms
2024-08-27 19:24:52,273 - INFO - GenerateId - Process Time: 0.0ms
2024-08-27 19:24:52,273 - INFO - GenerateId - Process Time: 0.0ms
2024-08-27 19:24:52,273 - INFO - GenerateId - Total Process Time: 1.00048828125ms
2024-08-27 19:24:52,273 - INFO - Insert - Process Time: 0.0ms
2024-08-27 19:24:52,273 - INFO - CreateIds - Process Time: 1.00048828125ms
2024-08-27 19:24:52,273 - INFO - CreateIds - Total Process Time: 1.999267578125ms
2024-08-27 19:24:52,273 - DEBUG - 3
2024-08-27 19:24:52,273 - INFO - InsertUsers - Process Time: 1.999267578125ms
