2024-08-28 08:45:46,635 - INFO - Insert - Process Time: 0.0ms
2024-08-28 08:45:46,635 - DEBUG - 2
2024-08-28 08:45:46,635 - INFO - GenerateId - Process Time: 0.0ms
2024-08-28 08:45:46,635 - INFO - GenerateId - Process Time: 0.0ms
2024-08-28 08:45:46,635 - INFO - GenerateId - Process Time: 0.0ms
2024-08-28 08:45:46,635 - INFO - GenerateId - Process Time: 0.0ms
2024-08-28 08:45:46,635 - INFO - GenerateId - Process Time: 0.0ms
2024-08-28 08:45:46,635 - INFO - GenerateId - Process Time: 0.0ms
2024-08-28 08:45:46,635 - INFO - GenerateId - Process Time: 0.0ms
2024-08-28 08:45:46,635 - INFO - GenerateId - Process Time: 0.0ms
2024-08-28 08:45:46,635 - INFO - GenerateId - Process Time: 0.0ms
2024-08-28 08:45:46,635 - INFO - GenerateId - Process Time: 0.0ms
2024-08-28 08:45:46,635 - INFO - GenerateId - Total Process Time: 0.0ms
2024-08-28 08:45:46,636 - INFO - Insert - Process Time: 0.0ms
2024-08-28 08:45:46,636 - INFO - CreateIds - Process Time: 1.001708984375ms
2024-08-28 08:45:46,636 - INFO - GenerateId - Process Time: 0.0ms
2024-08-28 08:45:46,636 - INFO - GenerateId - Process Time: 0.0ms
2024-08-28 08:45:46,636 - INFO - GenerateId - Process Time: 0.0ms
2024-08-28 08:45:46,636 - INFO - GenerateId - Process Time: 0.0ms
2024-08-28 08:45:46,636 - INFO - GenerateId - Process Time: 0.0ms
2024-08-28 08:45:46,636 - INFO - GenerateId - Process Time: 0.0ms
2024-08-28 08:45:46,636 - INFO - GenerateId - Process Time: 0.0ms
2024-08-28 08:45:46,636 - INFO - GenerateId - Process Time: 0.0ms
2024-08-28 08:45:46,636 - INFO - GenerateId - Process Time: 0.0ms
2024-08-28 08:45:46,636 - INFO - GenerateId - Process Time: 0.0ms
2024-08-28 08:45:46,636 - INFO - GenerateId - Total Process Time: 0.0ms
2024-08-28 08:45:46,636 - INFO - Insert - Process Time: 0.0ms
2024-08-28 08:45:46,636 - INFO - CreateIds - Process Time: 0.0ms
2024-08-28 08:45:46,636 - INFO - CreateIds - Total Process Time: 1.001708984375ms
2024-08-28 08:45:46,636 - DEBUG - 3
2024-08-28 08:45:46,636 - INFO - InsertUsers - Process Time: 1.001708984375ms
